Exception in thread "main" java.lang.OutOfMemoryError: Java heap space
	at java.base/java.io.ObjectInputStream$HandleTable.grow(ObjectInputStream.java:4025)
	at java.base/java.io.ObjectInputStream$HandleTable.assign(ObjectInputStream.java:3831)
	at java.base/java.io.ObjectInputStream.readOrdinaryObject(ObjectInputStream.java:2157)
	at java.base/java.io.ObjectInputStream.readObject0(ObjectInputStream.java:1668)
	at java.base/java.io.ObjectInputStream.defaultReadFields(ObjectInputStream.java:2434)
	at java.base/java.io.ObjectInputStream.readSerialData(ObjectInputStream.java:2328)
	at java.base/java.io.ObjectInputStream.readOrdinaryObject(ObjectInputStream.java:2166)
	at java.base/java.io.ObjectInputStream.readObject0(ObjectInputStream.java:1668)
	at java.base/java.io.ObjectInputStream.defaultReadFields(ObjectInputStream.java:2434)
	at java.base/java.io.ObjectInputStream.readSerialData(ObjectInputStream.java:2328)
	at java.base/java.io.ObjectInputStream.readOrdinaryObject(ObjectInputStream.java:2166)
	at java.base/java.io.ObjectInputStream.readObject0(ObjectInputStream.java:1668)
	at java.base/java.io.ObjectInputStream.readArray(ObjectInputStream.java:2072)
	at java.base/java.io.ObjectInputStream.readObject0(ObjectInputStream.java:1656)
	at java.base/java.io.ObjectInputStream.readArray(ObjectInputStream.java:2072)
	at java.base/java.io.ObjectInputStream.readObject0(ObjectInputStream.java:1656)
	at java.base/java.io.ObjectInputStream.defaultReadFields(ObjectInputStream.java:2434)
	at java.base/java.io.ObjectInputStream.readSerialData(ObjectInputStream.java:2328)
	at java.base/java.io.ObjectInputStream.readOrdinaryObject(ObjectInputStream.java:2166)
	at java.base/java.io.ObjectInputStream.readObject0(ObjectInputStream.java:1668)
	at java.base/java.io.ObjectInputStream.defaultReadFields(ObjectInputStream.java:2434)
	at java.base/java.io.ObjectInputStream.readSerialData(ObjectInputStream.java:2328)
	at java.base/java.io.ObjectInputStream.readOrdinaryObject(ObjectInputStream.java:2166)
	at java.base/java.io.ObjectInputStream.readObject0(ObjectInputStream.java:1668)
	at java.base/java.io.ObjectInputStream.defaultReadFields(ObjectInputStream.java:2434)
	at java.base/java.io.ObjectInputStream.readSerialData(ObjectInputStream.java:2328)
	at java.base/java.io.ObjectInputStream.readOrdinaryObject(ObjectInputStream.java:2166)
	at java.base/java.io.ObjectInputStream.readObject0(ObjectInputStream.java:1668)
	at java.base/java.io.ObjectInputStream.readObject(ObjectInputStream.java:482)
	at java.base/java.io.ObjectInputStream.readObject(ObjectInputStream.java:440)
	at java.base/java.util.ArrayList.readObject(ArrayList.java:929)
	at java.base/jdk.internal.reflect.GeneratedMethodAccessor2.invoke(Unknown Source)
